0
2 3 9 19 31 39 
0 8 14 27 42 47 
1 7 37 49 50 51 
13 20 21 35 52 59 
10 16 22 30 36 46 
5 6 11 33 44 45 
4 12 25 28 38 41 
24 26 29 40 56 58 
43 48 53 54 55 57 
15 17 18 23 32 34 

15 20 28 31 47 48 
8 19 26 44 46 50 
0 5 7 25 29 53 
6 14 21 23 30 58 
1 9 13 17 40 54 
12 16 32 33 56 59 
3 22 41 49 52 57 
2 24 27 35 36 51 
4 10 11 34 37 55 
18 38 39 42 43 45 

1 15 19 27 38 55 
9 28 33 34 52 53 
11 14 26 31 57 59 
7 12 18 21 24 54 
3 17 36 43 47 50 
2 10 25 32 45 49 
6 8 16 35 40 48 
0 30 37 39 41 56 
4 5 13 46 51 58 
20 22 23 29 42 44 

10 21 38 50 53 56 
2 12 23 26 47 55 
0 9 15 35 46 57 
1 3 4 24 30 32 
14 19 40 45 51 52 
16 31 34 41 44 54 
6 13 18 27 29 49 
7 11 22 28 43 58 
8 20 25 33 36 39 
5 17 37 42 48 59 

3 21 25 34 42 46 
10 39 44 47 52 58 
4 7 17 27 45 56 
13 31 32 36 37 53 
14 16 20 24 49 55 
9 11 12 29 48 51 
1 5 8 18 28 57 
19 23 33 35 41 43 
0 6 22 26 38 54 
2 15 30 40 50 59 

11 30 35 42 49 53 
17 21 28 29 39 55 
0 4 18 31 33 40 
7 13 14 38 44 48 
9 22 24 37 45 47 
5 20 27 32 41 50 
12 19 34 36 57 58 
1 2 6 46 52 56 
3 8 10 23 54 59 
15 16 25 26 43 51 

