0
6 16 18 21 31 41 55 
10 13 40 46 59 64 69 
3 4 23 42 52 65 67 
2 15 27 45 56 57 66 
14 24 48 51 58 60 61 
7 12 22 29 38 39 49 
11 20 30 34 37 44 53 
9 26 28 33 35 43 68 
1 5 19 32 36 47 62 
0 8 17 25 50 54 63 

18 23 26 34 40 47 51 
11 19 22 35 48 50 59 
2 5 7 14 46 65 68 
3 6 24 27 30 36 43 
0 13 33 37 49 55 56 
16 25 32 38 44 52 58 
4 9 17 31 57 61 69 
1 20 39 41 54 64 66 
8 15 28 29 42 53 60 
10 12 21 45 62 63 67 

2 9 19 30 40 58 67 
15 18 20 22 25 36 68 
0 23 41 43 45 60 69 
1 11 21 38 46 56 61 
3 26 29 32 37 54 59 
12 14 35 47 52 53 55 
5 16 24 49 57 63 64 
4 7 13 28 44 50 66 
8 10 27 31 39 51 65 
6 17 33 34 42 48 62 

7 20 42 45 47 58 59 
5 8 35 41 44 56 67 
22 30 33 46 51 52 54 
4 21 25 27 40 49 60 
13 14 15 19 31 38 63 
16 26 36 39 48 53 69 
29 34 43 55 61 64 65 
1 6 10 37 50 57 68 
0 3 9 11 18 62 66 
2 12 17 23 24 28 32 

3 7 10 19 25 34 41 
14 18 29 30 50 56 69 
1 9 22 27 42 44 63 
11 12 33 36 57 58 65 
15 16 23 35 37 46 62 
2 31 43 47 48 49 54 
17 38 55 59 60 66 67 
4 32 45 51 53 64 68 
8 13 20 21 24 26 52 
0 5 6 28 39 40 61 

