0
72 76 81 82 84 86 87 88 97 98 
5 17 20 22 23 41 53 64 94 96 
3 9 19 24 31 54 57 59 85 99 
6 21 32 42 43 60 61 69 71 79 
0 35 36 37 38 56 63 78 80 95 
2 11 26 27 33 51 65 67 89 92 
4 8 46 47 62 70 74 75 90 91 
7 15 28 29 39 44 50 68 73 77 
12 13 16 30 45 49 52 66 83 93 
1 10 14 18 25 34 40 48 55 58 

0 8 16 23 28 34 59 61 92 97 
7 27 31 41 45 58 69 91 95 98 
2 13 17 21 37 55 68 74 84 85 
3 11 12 29 40 43 47 63 87 94 
10 22 30 33 39 46 79 80 81 99 
9 18 32 53 56 67 70 73 83 88 
5 6 19 44 48 51 66 75 76 78 
24 25 26 38 60 62 77 82 93 96 
4 14 20 35 50 52 57 65 71 72 
1 15 36 42 49 54 64 86 89 90 

2 10 20 29 45 59 60 78 88 90 
23 40 52 54 67 69 74 76 77 80 
16 22 32 37 44 47 57 58 82 89 
4 11 21 24 28 30 48 53 86 95 
12 17 25 31 33 42 50 56 75 97 
6 8 18 26 39 41 49 63 72 85 
1 35 51 61 68 83 87 91 96 99 
7 9 36 55 62 66 71 81 92 94 
3 5 13 15 34 38 65 70 79 98 
0 14 19 27 43 46 64 73 84 93 

