0
3 12 17 18 30 54 55 72 
27 29 36 49 52 61 62 65 
0 6 21 24 28 60 71 78 
1 2 9 22 43 58 70 77 
7 8 33 38 42 45 56 79 
23 34 50 57 66 67 73 74 
5 20 37 40 51 59 68 76 
10 11 16 25 32 39 48 75 
13 15 31 35 41 44 46 53 
4 14 19 26 47 63 64 69 

3 15 33 39 51 60 62 70 
9 18 23 29 32 40 42 47 
31 38 48 52 55 59 69 74 
14 17 21 35 37 45 50 58 
5 25 34 44 54 61 63 71 
7 28 36 46 57 64 72 77 
1 11 12 24 27 56 73 76 
6 10 13 19 20 22 65 66 
0 8 26 41 43 49 67 75 
2 4 16 30 53 68 78 79 

2 5 6 8 35 39 52 64 
16 19 24 42 43 50 61 72 
17 20 34 38 47 53 60 75 
4 18 22 45 46 49 74 76 
1 14 28 30 32 33 44 67 
13 21 25 26 55 62 68 73 
0 15 29 56 59 63 66 77 
10 27 40 54 57 69 70 78 
3 9 11 31 36 37 71 79 
7 12 23 41 48 51 58 65 

6 12 25 29 33 43 46 69 
8 16 28 31 47 54 62 76 
0 5 9 14 53 65 72 73 
19 34 36 39 40 55 56 58 
11 22 35 38 51 63 67 78 
10 23 24 26 30 45 52 77 
2 37 42 44 48 49 60 66 
17 32 41 64 68 70 71 74 
3 4 7 13 27 50 59 75 
1 15 18 20 21 57 61 79 

