0
4 24 40 41 42 61 65 74 87 
10 11 12 20 34 39 49 53 85 
0 1 5 19 22 28 63 79 88 
6 14 27 33 48 59 60 70 80 
23 31 50 51 54 66 69 77 84 
3 9 15 21 32 47 56 71 78 
13 16 18 26 36 58 67 72 73 
2 7 17 29 46 57 81 86 89 
25 35 37 38 45 52 55 75 83 
8 30 43 44 62 64 68 76 82 

4 12 32 46 50 52 58 60 68 
22 34 36 43 47 61 66 75 81 
21 26 39 59 63 69 82 83 87 
7 8 16 55 56 65 70 84 88 
1 3 14 20 23 35 57 74 76 
6 19 25 29 30 41 71 73 85 
10 17 18 27 42 51 62 78 79 
2 5 11 38 40 44 48 72 77 
13 15 28 37 53 54 64 80 89 
0 9 24 31 33 45 49 67 86 

15 29 36 49 51 52 63 70 76 
44 55 57 60 66 67 78 85 87 
1 9 12 27 40 43 73 84 89 
0 7 30 34 37 58 59 74 77 
3 13 17 33 38 39 50 61 88 
4 20 22 25 26 48 54 56 62 
2 16 19 31 32 42 53 75 82 
11 14 18 21 28 41 45 68 81 
5 8 10 24 35 46 69 71 80 
6 23 47 64 65 72 79 83 86 

