0
8 17 21 24 31 
0 4 28 32 38 
1 2 3 14 25 
7 15 22 34 37 
11 12 13 18 23 
5 6 29 30 33 
10 16 19 20 36 
9 26 27 35 39 

10 15 24 32 33 
5 12 14 28 39 
4 16 29 31 35 
1 13 17 20 22 
6 8 25 26 38 
0 2 11 19 37 
9 21 23 34 36 
3 7 18 27 30 

9 13 14 19 30 
3 23 24 28 35 
17 25 29 32 36 
4 8 12 33 37 
1 5 11 15 27 
0 6 16 18 34 
10 21 22 38 39 
2 7 20 26 31 

2 12 22 32 35 
3 4 6 15 21 
11 20 25 30 34 
9 10 28 31 37 
14 18 24 26 29 
0 1 33 36 39 
17 19 23 27 38 
5 7 8 13 16 

4 7 9 11 17 
0 5 10 23 26 
3 8 20 29 39 
1 12 19 24 34 
16 21 30 32 37 
18 22 25 31 33 
2 6 13 27 28 
14 15 35 36 38 

8 10 14 27 34 
0 12 15 17 30 
3 11 22 26 36 
2 9 16 33 38 
1 6 23 31 32 
4 13 24 25 39 
7 19 21 28 29 
5 18 20 35 37 

