0
1 9 14 25 36 
13 34 37 42 43 
2 8 11 16 21 
5 29 31 40 44 
6 7 10 19 22 
0 4 23 27 30 
12 15 18 24 32 
3 17 33 39 41 
20 26 28 35 38 

17 18 19 23 43 
9 24 31 34 35 
0 16 28 36 40 
2 10 12 13 26 
1 6 29 33 42 
7 30 32 37 39 
4 21 25 38 41 
11 14 20 22 44 
3 5 8 15 27 

4 5 9 20 42 
13 21 28 29 32 
22 24 36 41 43 
10 14 16 27 39 
1 11 19 35 40 
7 25 26 31 33 
0 2 15 17 37 
3 6 12 23 44 
8 18 30 34 38 

8 35 37 41 44 
2 6 25 28 43 
1 5 21 22 30 
15 20 34 39 40 
4 11 17 31 32 
0 3 10 24 29 
18 26 27 36 42 
9 12 16 19 33 
7 13 14 23 38 

5 10 17 35 36 
9 11 15 26 29 
0 7 21 34 44 
8 23 25 32 40 
14 19 28 41 42 
1 3 4 16 43 
2 20 24 30 33 
12 22 27 37 38 
6 13 18 31 39 

15 16 25 30 42 
6 14 17 26 34 
12 21 35 39 43 
0 5 11 33 38 
4 13 19 24 44 
7 8 20 29 36 
1 2 27 32 41 
10 23 28 31 37 
3 9 18 22 40 

