0
5 10 18 24 27 32 42 51 
17 33 36 39 44 50 64 65 
2 12 15 37 40 48 67 68 
8 13 16 26 47 55 63 71 
3 22 25 34 46 52 56 60 
1 4 20 30 38 59 61 69 
6 11 28 49 53 57 58 70 
0 7 9 23 31 35 45 54 
14 19 21 29 41 43 62 66 

15 17 21 22 26 28 32 54 
9 13 18 38 44 56 62 68 
2 4 5 8 14 25 45 53 
27 39 43 47 60 61 67 70 
1 19 31 40 49 50 51 55 
7 10 11 34 36 37 69 71 
0 3 6 29 30 33 42 48 
16 20 24 35 41 46 58 65 
12 23 52 57 59 63 64 66 

4 9 10 29 47 50 52 58 
0 12 28 44 46 51 61 71 
6 8 22 23 27 36 41 68 
5 48 54 55 59 60 62 65 
11 13 15 20 25 31 42 66 
18 19 26 30 34 53 64 67 
2 3 7 16 17 38 43 49 
1 21 24 33 37 45 63 70 
14 32 35 39 40 56 57 69 

