0
7 10 16 20 22 33 43 
2 14 17 25 30 40 60 
5 6 13 23 42 45 48 
9 26 27 28 31 32 34 
18 38 41 51 52 56 62 
8 37 50 53 57 58 61 
15 21 36 39 49 54 59 
0 1 3 4 29 35 46 
11 12 19 24 44 47 55 

1 18 20 23 26 44 54 
0 30 37 41 47 48 59 
9 14 16 36 38 46 53 
3 15 22 40 52 55 58 
5 8 10 19 34 49 56 
12 13 21 25 28 29 61 
17 27 35 42 43 51 57 
7 11 32 39 45 50 60 
2 4 6 24 31 33 62 

0 8 12 22 23 36 60 
3 21 32 33 37 38 42 
6 11 20 30 34 35 52 
5 25 26 50 55 59 62 
9 10 17 18 24 48 58 
7 29 40 47 49 51 53 
1 2 15 16 28 45 57 
13 31 39 43 44 46 56 
4 14 19 27 41 54 61 

2 13 19 22 35 38 50 
16 29 30 31 42 54 58 
14 21 23 34 43 47 62 
1 7 17 36 37 55 56 
0 5 11 18 27 33 53 
15 26 46 48 51 60 61 
3 8 20 24 28 39 41 
6 10 12 32 40 57 59 
4 9 25 44 45 49 52 

