0
10 15 23 43 44 48 
3 16 30 39 42 45 
5 17 19 26 35 47 
6 9 14 18 27 33 
28 34 36 38 46 53 
7 13 24 41 49 50 
4 11 21 22 31 40 
8 12 20 25 32 37 
0 1 2 29 51 52 

4 9 13 23 26 53 
12 33 39 48 50 51 
2 5 22 30 34 49 
6 11 37 42 44 52 
1 14 25 28 40 45 
0 17 27 32 38 41 
8 18 19 24 36 43 
10 16 20 21 29 35 
3 7 15 31 46 47 

9 22 25 41 44 46 
16 17 18 31 34 52 
13 15 35 36 45 51 
4 28 29 32 42 48 
0 14 20 26 39 43 
1 11 19 23 27 49 
3 5 8 10 38 50 
6 12 24 30 40 47 
2 7 21 33 37 53 

1 5 9 15 21 32 
8 13 28 30 33 52 
18 23 40 42 46 51 
29 38 43 45 47 49 
4 10 17 36 37 39 
20 27 31 44 50 53 
3 12 14 34 35 41 
2 11 24 25 26 48 
0 6 7 16 19 22 

3 26 32 33 40 44 
14 19 21 30 46 48 
2 4 15 18 20 38 
9 16 24 28 37 51 
1 17 22 42 43 50 
25 35 39 49 52 53 
6 8 23 31 41 45 
5 7 12 27 29 36 
0 10 11 13 34 47 

