0
11 30 36 54 56 60 63 72 77 
9 16 21 44 53 59 62 65 68 
10 13 29 37 40 43 51 58 66 
7 12 22 25 34 35 38 48 69 
18 24 32 39 46 55 61 70 76 
0 4 14 23 28 41 50 71 75 
6 8 26 31 33 45 57 73 78 
1 5 15 20 27 42 47 64 67 
2 3 17 19 49 52 74 79 80 

5 19 25 26 50 63 66 68 70 
0 35 37 39 54 57 59 67 74 
3 23 31 46 53 56 58 64 69 
4 17 20 24 48 51 62 73 77 
8 10 36 38 42 65 75 76 80 
1 12 18 21 29 41 49 72 78 
11 13 16 22 27 32 33 71 79 
6 7 14 43 44 47 52 55 60 
2 9 15 28 30 34 40 45 61 

13 19 24 28 31 38 47 59 72 
8 9 11 12 20 43 46 50 74 
2 4 6 18 22 36 37 64 68 
27 49 57 60 61 62 66 69 75 
0 16 17 25 29 42 45 55 56 
23 32 34 51 52 63 65 67 78 
3 10 14 15 21 33 48 54 70 
5 30 35 41 44 58 73 76 79 
1 7 26 39 40 53 71 77 80 

