10
2 11 13 15 24 
0 5 6 12 23 
3 16 17 18 21 
4 8 19 25 29 
1 9 14 26 28 
7 10 20 22 27 

2 3 6 10 29 
1 15 17 25 27 
0 11 16 19 26 
5 8 13 14 22 
4 18 20 23 28 
7 9 12 21 24 

0 18 22 24 29 
3 9 13 20 25 
1 4 5 7 16 
10 11 12 17 28 
6 14 15 19 27 
2 8 21 23 26 

3 12 15 22 26 
0 2 4 9 17 
5 21 27 28 29 
1 10 13 19 23 
7 11 14 18 25 
6 8 16 20 24 

5 10 24 25 26 
4 12 13 18 27 
0 3 7 8 28 
2 14 17 19 20 
9 15 16 23 29 
1 6 11 21 22 

5 8 9 18 19 
2 16 22 25 28 
3 11 23 24 27 
1 12 14 20 29 
6 7 13 17 26 
0 4 10 15 21 

