0
9 10 13 
11 12 16 
2 15 19 
0 5 20 
3 8 18 
6 14 17 
1 4 7 

3 12 13 
9 15 18 
6 8 11 
5 16 19 
1 14 20 
2 4 10 
0 7 17 

6 16 20 
2 5 7 
0 8 13 
17 18 19 
10 12 14 
1 3 9 
4 11 15 

3 7 19 
8 10 16 
11 13 18 
0 2 14 
5 6 9 
4 17 20 
1 12 15 

4 6 13 
3 5 17 
0 1 18 
8 12 19 
2 9 20 
7 10 11 
14 15 16 

3 4 16 
5 8 15 
1 2 6 
7 13 14 
9 12 17 
0 11 19 
10 18 20 

2 16 18 
1 8 17 
6 7 15 
9 11 14 
4 5 12 
0 3 10 
13 19 20 

3 15 20 
6 10 19 
1 5 11 
2 13 17 
4 8 14 
7 12 18 
0 9 16 

10 15 17 
0 6 12 
1 13 16 
7 8 20 
4 9 19 
5 14 18 
2 3 11 

