0
12 22 23 24 25 27 
2 16 20 30 32 42 
5 8 13 26 29 39 
6 7 17 37 38 43 
4 9 14 19 40 44 
0 3 21 31 33 36 
11 18 34 35 46 47 
1 10 15 28 41 45 

5 19 21 27 32 38 
3 4 10 12 29 47 
2 14 15 22 33 46 
0 6 20 34 41 44 
7 11 25 39 42 45 
9 16 18 26 36 43 
8 24 28 31 35 37 
1 13 17 23 30 40 

7 27 29 40 41 46 
0 4 8 15 38 42 
13 20 22 28 36 47 
10 14 21 26 30 34 
9 11 12 32 33 37 
1 6 16 19 25 31 
5 23 35 43 44 45 
2 3 17 18 24 39 

18 22 29 31 38 44 
3 7 23 26 28 32 
8 9 10 17 20 46 
0 1 14 27 35 39 
5 15 25 30 37 47 
2 6 12 36 40 45 
13 19 33 34 42 43 
4 11 16 21 24 41 

11 15 19 23 29 36 
20 24 26 33 38 40 
0 10 13 18 25 32 
1 2 7 8 44 47 
3 16 27 34 37 45 
5 12 14 17 31 41 
4 28 30 39 43 46 
6 9 21 22 35 42 

