6
3 15 37 42 52 54 62 63 
13 18 32 38 44 46 47 58 
4 5 8 23 31 36 55 57 
7 11 22 25 26 27 41 50 
1 9 17 28 39 40 45 60 
0 20 21 24 30 35 43 49 
2 10 12 29 48 51 59 61 
6 14 16 19 33 34 53 56 

10 21 25 34 38 40 54 55 
0 4 9 12 41 47 52 53 
2 6 7 20 37 39 46 57 
8 11 17 33 43 44 48 62 
1 16 23 30 50 58 61 63 
14 18 22 28 31 35 42 51 
15 24 27 29 32 36 45 56 
3 5 13 19 26 49 59 60 

22 29 30 33 38 52 57 60 
4 11 16 24 40 42 46 59 
0 7 13 17 23 45 51 54 
1 6 26 34 35 36 47 48 
5 10 20 27 28 53 58 62 
2 8 15 18 19 21 41 63 
3 12 14 32 39 43 50 55 
9 25 31 37 44 49 56 61 

16 28 32 41 48 49 54 57 
4 6 15 25 43 51 58 60 
21 22 23 39 47 56 59 62 
0 14 20 26 29 40 44 63 
5 11 12 18 30 34 37 45 
2 9 10 13 33 36 42 50 
1 3 7 8 24 31 38 53 
17 19 27 35 46 52 55 61 

