3
23 26 28 34 37 
8 10 22 43 46 
19 29 36 38 47 
0 12 14 30 35 
1 18 33 39 45 
3 4 13 40 42 
11 21 27 41 44 
2 5 24 25 32 
6 9 15 31 49 
7 16 17 20 48 

2 12 38 45 49 
14 26 42 43 48 
1 10 23 29 32 
0 4 11 19 24 
3 6 25 27 33 
16 30 37 41 46 
5 9 17 28 36 
8 31 34 39 44 
15 20 22 35 40 
7 13 18 21 47 

1 9 20 30 44 
17 31 33 38 41 
0 22 29 39 48 
4 5 18 37 49 
3 7 11 26 32 
13 15 36 45 46 
12 25 28 40 43 
6 10 16 19 35 
2 8 14 21 23 
24 27 34 42 47 

2 11 29 31 46 
4 10 20 28 45 
15 21 25 37 48 
9 13 16 38 39 
18 26 27 35 36 
12 22 23 33 42 
0 1 6 7 43 
5 8 30 40 47 
19 32 34 41 49 
3 14 17 24 44 

6 32 36 38 48 
9 24 29 33 40 
10 12 15 26 44 
20 23 25 39 47 
7 27 31 37 45 
3 5 21 35 46 
1 4 14 22 41 
11 16 18 34 43 
0 8 13 17 49 
2 19 28 30 42 

1 3 15 16 47 
0 20 37 38 42 
4 6 40 44 46 
24 35 39 43 49 
17 18 25 29 30 
2 7 10 34 36 
8 9 12 27 32 
5 23 41 45 48 
11 13 14 28 33 
19 21 22 26 31 

0 2 26 40 41 
21 30 33 36 49 
5 12 20 29 34 
6 11 22 37 47 
8 15 24 28 38 
3 9 10 18 48 
4 17 23 27 43 
1 13 25 31 35 
7 14 19 39 46 
16 32 42 44 45 

4 8 16 26 29 
1 12 17 19 37 
5 11 15 39 42 
10 14 27 40 49 
2 33 35 47 48 
6 13 23 24 30 
18 28 31 32 46 
3 20 36 41 43 
0 9 21 34 45 
7 22 25 38 44 

