2
8 13 27 33 
12 15 18 21 
20 23 28 30 
2 10 25 29 
5 6 7 11 
1 16 19 24 
9 22 31 32 
0 14 34 35 
3 4 17 26 

3 6 18 31 
24 25 26 30 
1 8 10 21 
12 13 16 28 
7 19 23 27 
0 2 4 22 
5 32 33 35 
15 17 29 34 
9 11 14 20 

7 14 25 31 
0 2 5 28 
21 23 24 32 
1 11 22 27 
6 10 12 17 
4 9 13 29 
16 18 20 35 
3 8 30 34 
15 19 26 33 

6 21 29 35 
0 9 27 30 
11 14 26 28 
3 10 13 19 
16 23 31 34 
1 5 15 25 
2 7 17 33 
8 18 22 24 
4 12 20 32 

1 20 29 31 
10 11 18 33 
4 7 8 16 
17 19 30 32 
5 12 22 34 
3 14 15 23 
0 6 13 26 
2 9 24 35 
21 25 27 28 

4 10 14 30 
1 7 13 35 
6 15 20 24 
5 9 17 23 
18 25 32 34 
0 3 11 21 
2 16 26 27 
22 28 29 33 
8 12 19 31 

14 27 29 32 
4 5 21 31 
11 15 16 30 
1 6 9 34 
7 10 22 26 
8 17 28 35 
0 19 20 25 
3 12 24 33 
2 13 18 23 

8 11 23 25 
0 10 16 32 
3 7 9 28 
1 2 12 30 
20 21 33 34 
13 17 24 31 
6 14 19 22 
5 18 26 29 
4 15 27 35 

10 15 28 31 
1 14 17 18 
9 16 25 33 
4 11 19 34 
13 21 22 30 
0 7 24 29 
12 23 26 35 
2 6 8 32 
3 5 20 27 

