2
6 7 22 40 43 53 54 
20 23 26 29 36 51 59 
1 5 9 13 30 46 58 
2 11 16 34 45 50 61 
14 15 27 41 48 55 60 
0 4 25 28 35 38 42 
3 12 31 44 47 52 57 
8 10 21 24 32 33 56 
17 18 19 37 39 49 62 

0 3 10 11 14 36 37 
19 24 40 47 48 58 59 
4 15 34 43 44 46 56 
8 17 23 41 42 57 61 
5 6 20 21 28 49 55 
7 12 33 35 39 50 60 
1 2 32 38 51 52 54 
9 13 16 18 22 29 31 
25 26 27 30 45 53 62 

1 3 4 40 41 45 49 
19 27 28 31 33 36 54 
0 20 39 52 56 58 61 
11 12 13 17 26 32 43 
5 29 42 44 48 50 53 
7 14 16 23 24 25 46 
15 18 21 30 35 51 57 
8 22 34 37 38 55 59 
2 6 9 10 47 60 62 

3 6 27 29 32 46 61 
5 10 18 39 41 43 59 
9 15 26 28 37 40 50 
0 2 7 8 30 31 48 
1 12 14 21 34 42 62 
13 19 23 35 45 52 55 
17 22 25 33 44 51 58 
4 11 20 24 54 57 60 
16 36 38 47 49 53 56 

7 10 28 29 34 57 58 
16 20 32 35 41 44 62 
11 30 33 42 49 52 59 
6 15 17 24 31 38 45 
2 12 18 36 40 46 55 
4 8 9 14 39 51 53 
13 21 25 37 48 54 61 
0 1 23 27 43 47 50 
3 5 19 22 26 56 60 

