1
6 7 14 16 39 62 67 68 
9 22 25 26 28 34 41 66 
1 2 36 42 57 58 61 65 
11 17 27 45 51 56 63 71 
8 19 33 35 43 44 49 59 
4 12 13 18 31 38 40 48 
0 5 10 37 47 53 64 69 
20 23 29 46 52 54 55 70 
3 15 21 24 30 32 50 60 

5 15 26 33 48 56 62 70 
1 8 9 11 24 40 55 69 
4 7 19 30 36 46 47 63 
2 18 23 28 37 39 45 50 
3 12 34 42 44 52 53 67 
13 16 21 41 51 54 59 65 
14 20 38 49 61 64 66 71 
6 10 22 27 29 43 58 60 
0 17 25 31 32 35 57 68 

10 19 24 31 51 66 67 70 
2 5 20 34 40 59 63 68 
6 30 33 38 41 45 57 69 
0 3 4 14 28 55 56 58 
9 12 15 17 23 43 46 65 
7 11 13 26 37 42 49 60 
8 18 27 32 53 54 61 62 
1 16 25 29 44 47 50 71 
21 22 35 36 39 48 52 64 

9 10 35 38 42 50 54 63 
3 22 37 40 46 51 57 62 
4 6 11 15 25 52 59 61 
8 20 31 39 41 47 56 60 
5 7 32 44 45 55 65 66 
0 1 23 27 30 48 49 67 
13 28 36 43 53 68 70 71 
16 17 18 24 33 34 58 64 
2 12 14 19 21 26 29 69 

